{"L:\\Microverse\\Module 2\\Week 3\\Unit Testing\\my-to-do-list\\src\\modules\\add-remove.js": {"path":"L:\\Microverse\\Module 2\\Week 3\\Unit Testing\\my-to-do-list\\src\\modules\\add-remove.js","statementMap":{"0":{"start":{"line":7,"column":4},"end":{"line":7,"column":31}},"1":{"start":{"line":8,"column":4},"end":{"line":8,"column":35}},"2":{"start":{"line":9,"column":4},"end":{"line":9,"column":23}},"3":{"start":{"line":16,"column":25},"end":{"line":16,"column":61}},"4":{"start":{"line":17,"column":15},"end":{"line":17,"column":46}},"5":{"start":{"line":18,"column":2},"end":{"line":29,"column":5}},"6":{"start":{"line":19,"column":4},"end":{"line":19,"column":27}},"7":{"start":{"line":20,"column":23},"end":{"line":20,"column":50}},"8":{"start":{"line":21,"column":4},"end":{"line":23,"column":5}},"9":{"start":{"line":22,"column":6},"end":{"line":22,"column":13}},"10":{"start":{"line":24,"column":20},"end":{"line":24,"column":65}},"11":{"start":{"line":25,"column":4},"end":{"line":25,"column":24}},"12":{"start":{"line":26,"column":4},"end":{"line":26,"column":57}},"13":{"start":{"line":27,"column":4},"end":{"line":27,"column":30}},"14":{"start":{"line":28,"column":4},"end":{"line":28,"column":21}},"15":{"start":{"line":33,"column":29},"end":{"line":33,"column":41}},"16":{"start":{"line":34,"column":2},"end":{"line":42,"column":3}},"17":{"start":{"line":35,"column":21},"end":{"line":35,"column":61}},"18":{"start":{"line":36,"column":4},"end":{"line":41,"column":5}},"19":{"start":{"line":37,"column":24},"end":{"line":37,"column":49}},"20":{"start":{"line":38,"column":29},"end":{"line":38,"column":59}},"21":{"start":{"line":40,"column":6},"end":{"line":40,"column":52}},"22":{"start":{"line":46,"column":2},"end":{"line":48,"column":5}},"23":{"start":{"line":47,"column":4},"end":{"line":47,"column":27}},"24":{"start":{"line":52,"column":2},"end":{"line":61,"column":3}},"25":{"start":{"line":53,"column":21},"end":{"line":53,"column":55}},"26":{"start":{"line":54,"column":4},"end":{"line":60,"column":5}},"27":{"start":{"line":55,"column":24},"end":{"line":55,"column":49}},"28":{"start":{"line":56,"column":6},"end":{"line":56,"column":37}},"29":{"start":{"line":57,"column":6},"end":{"line":57,"column":26}},"30":{"start":{"line":58,"column":6},"end":{"line":58,"column":59}},"31":{"start":{"line":59,"column":6},"end":{"line":59,"column":23}},"32":{"start":{"line":65,"column":28},"end":{"line":65,"column":59}},"33":{"start":{"line":68,"column":2},"end":{"line":68,"column":71}},"34":{"start":{"line":71,"column":2},"end":{"line":71,"column":68}},"35":{"start":{"line":75,"column":2},"end":{"line":75,"column":44}},"36":{"start":{"line":76,"column":2},"end":{"line":76,"column":55}},"37":{"start":{"line":77,"column":2},"end":{"line":77,"column":19}},"38":{"start":{"line":81,"column":28},"end":{"line":81,"column":59}},"39":{"start":{"line":82,"column":2},"end":{"line":82,"column":73}}},"fnMap":{"0":{"name":"(anonymous_0)","decl":{"start":{"line":6,"column":2},"end":{"line":6,"column":3}},"loc":{"start":{"line":6,"column":45},"end":{"line":10,"column":3}},"line":6},"1":{"name":"addTask","decl":{"start":{"line":15,"column":16},"end":{"line":15,"column":23}},"loc":{"start":{"line":15,"column":26},"end":{"line":30,"column":1}},"line":15},"2":{"name":"(anonymous_2)","decl":{"start":{"line":18,"column":34},"end":{"line":18,"column":35}},"loc":{"start":{"line":18,"column":45},"end":{"line":29,"column":3}},"line":18},"3":{"name":"handleTaskDescriptionEdit","decl":{"start":{"line":32,"column":9},"end":{"line":32,"column":34}},"loc":{"start":{"line":32,"column":42},"end":{"line":43,"column":1}},"line":32},"4":{"name":"updateTaskIndexes","decl":{"start":{"line":45,"column":9},"end":{"line":45,"column":26}},"loc":{"start":{"line":45,"column":29},"end":{"line":49,"column":1}},"line":45},"5":{"name":"(anonymous_5)","decl":{"start":{"line":46,"column":16},"end":{"line":46,"column":17}},"loc":{"start":{"line":46,"column":33},"end":{"line":48,"column":3}},"line":46},"6":{"name":"handleTrashIconClick","decl":{"start":{"line":51,"column":9},"end":{"line":51,"column":29}},"loc":{"start":{"line":51,"column":37},"end":{"line":62,"column":1}},"line":51},"7":{"name":"removeTask","decl":{"start":{"line":64,"column":16},"end":{"line":64,"column":26}},"loc":{"start":{"line":64,"column":29},"end":{"line":72,"column":1}},"line":64},"8":{"name":"editTask","decl":{"start":{"line":74,"column":16},"end":{"line":74,"column":24}},"loc":{"start":{"line":74,"column":48},"end":{"line":78,"column":1}},"line":74},"9":{"name":"listenForEdit","decl":{"start":{"line":80,"column":16},"end":{"line":80,"column":29}},"loc":{"start":{"line":80,"column":32},"end":{"line":83,"column":1}},"line":80}},"branchMap":{"0":{"loc":{"start":{"line":21,"column":4},"end":{"line":23,"column":5}},"type":"if","locations":[{"start":{"line":21,"column":4},"end":{"line":23,"column":5}},{"start":{},"end":{}}],"line":21},"1":{"loc":{"start":{"line":34,"column":2},"end":{"line":42,"column":3}},"type":"if","locations":[{"start":{"line":34,"column":2},"end":{"line":42,"column":3}},{"start":{},"end":{}}],"line":34},"2":{"loc":{"start":{"line":36,"column":4},"end":{"line":41,"column":5}},"type":"if","locations":[{"start":{"line":36,"column":4},"end":{"line":41,"column":5}},{"start":{},"end":{}}],"line":36},"3":{"loc":{"start":{"line":52,"column":2},"end":{"line":61,"column":3}},"type":"if","locations":[{"start":{"line":52,"column":2},"end":{"line":61,"column":3}},{"start":{},"end":{}}],"line":52},"4":{"loc":{"start":{"line":54,"column":4},"end":{"line":60,"column":5}},"type":"if","locations":[{"start":{"line":54,"column":4},"end":{"line":60,"column":5}},{"start":{},"end":{}}],"line":54}},"s":{"0":0,"1":0,"2":0,"3":0,"4":0,"5":0,"6":0,"7":0,"8":0,"9":0,"10":0,"11":0,"12":0,"13":0,"14":0,"15":0,"16":0,"17":0,"18":0,"19":0,"20":0,"21":0,"22":0,"23":0,"24":0,"25":0,"26":0,"27":0,"28":0,"29":0,"30":0,"31":0,"32":0,"33":0,"34":0,"35":0,"36":0,"37":0,"38":0,"39":0},"f":{"0":0,"1":0,"2":0,"3":0,"4":0,"5":0,"6":0,"7":0,"8":0,"9":0},"b":{"0":[0,0],"1":[0,0],"2":[0,0],"3":[0,0],"4":[0,0]},"_coverageSchema":"1a1c01bbd47fc00a2c39e90264f33305004495a9","hash":"6692d595b747ed6940f73666f63dd2f6f38705f3"}
,"L:\\Microverse\\Module 2\\Week 3\\Unit Testing\\my-to-do-list\\src\\modules\\display.js": {"path":"L:\\Microverse\\Module 2\\Week 3\\Unit Testing\\my-to-do-list\\src\\modules\\display.js","statementMap":{"0":{"start":{"line":7,"column":28},"end":{"line":7,"column":59}},"1":{"start":{"line":8,"column":2},"end":{"line":8,"column":35}},"2":{"start":{"line":9,"column":2},"end":{"line":9,"column":42}},"3":{"start":{"line":9,"column":23},"end":{"line":9,"column":40}},"4":{"start":{"line":10,"column":2},"end":{"line":45,"column":5}},"5":{"start":{"line":11,"column":21},"end":{"line":11,"column":50}},"6":{"start":{"line":12,"column":4},"end":{"line":12,"column":37}},"7":{"start":{"line":13,"column":4},"end":{"line":24,"column":6}},"8":{"start":{"line":25,"column":4},"end":{"line":25,"column":44}},"9":{"start":{"line":28,"column":21},"end":{"line":28,"column":70}},"10":{"start":{"line":29,"column":4},"end":{"line":44,"column":7}},"11":{"start":{"line":30,"column":6},"end":{"line":42,"column":7}},"12":{"start":{"line":32,"column":28},"end":{"line":32,"column":66}},"13":{"start":{"line":33,"column":8},"end":{"line":33,"column":58}},"14":{"start":{"line":34,"column":8},"end":{"line":34,"column":44}},"15":{"start":{"line":35,"column":8},"end":{"line":35,"column":30}},"16":{"start":{"line":38,"column":28},"end":{"line":38,"column":66}},"17":{"start":{"line":39,"column":8},"end":{"line":39,"column":50}},"18":{"start":{"line":40,"column":8},"end":{"line":40,"column":44}},"19":{"start":{"line":41,"column":8},"end":{"line":41,"column":31}},"20":{"start":{"line":43,"column":6},"end":{"line":43,"column":59}},"21":{"start":{"line":48,"column":20},"end":{"line":48,"column":49}},"22":{"start":{"line":49,"column":0},"end":{"line":49,"column":31}},"23":{"start":{"line":50,"column":0},"end":{"line":50,"column":60}},"24":{"start":{"line":52,"column":22},"end":{"line":52,"column":50}},"25":{"start":{"line":53,"column":0},"end":{"line":53,"column":42}},"26":{"start":{"line":54,"column":0},"end":{"line":54,"column":66}},"27":{"start":{"line":56,"column":24},"end":{"line":56,"column":51}},"28":{"start":{"line":57,"column":0},"end":{"line":57,"column":46}},"29":{"start":{"line":58,"column":0},"end":{"line":58,"column":68}},"30":{"start":{"line":60,"column":22},"end":{"line":60,"column":51}},"31":{"start":{"line":61,"column":0},"end":{"line":61,"column":36}},"32":{"start":{"line":62,"column":0},"end":{"line":62,"column":62}},"33":{"start":{"line":64,"column":13},"end":{"line":64,"column":43}},"34":{"start":{"line":65,"column":0},"end":{"line":65,"column":17}},"35":{"start":{"line":66,"column":0},"end":{"line":66,"column":60}},"36":{"start":{"line":68,"column":18},"end":{"line":68,"column":49}},"37":{"start":{"line":69,"column":0},"end":{"line":69,"column":27}},"38":{"start":{"line":70,"column":0},"end":{"line":70,"column":24}},"39":{"start":{"line":71,"column":0},"end":{"line":71,"column":46}},"40":{"start":{"line":72,"column":0},"end":{"line":72,"column":21}},"41":{"start":{"line":73,"column":0},"end":{"line":73,"column":55}},"42":{"start":{"line":75,"column":19},"end":{"line":75,"column":51}},"43":{"start":{"line":76,"column":0},"end":{"line":76,"column":29}},"44":{"start":{"line":77,"column":0},"end":{"line":77,"column":27}},"45":{"start":{"line":78,"column":0},"end":{"line":78,"column":56}},"46":{"start":{"line":81,"column":17},"end":{"line":81,"column":44}},"47":{"start":{"line":82,"column":0},"end":{"line":82,"column":35}},"48":{"start":{"line":83,"column":0},"end":{"line":83,"column":60}},"49":{"start":{"line":89,"column":17},"end":{"line":89,"column":47}},"50":{"start":{"line":90,"column":0},"end":{"line":90,"column":21}},"51":{"start":{"line":91,"column":0},"end":{"line":91,"column":28}},"52":{"start":{"line":92,"column":0},"end":{"line":92,"column":57}},"53":{"start":{"line":94,"column":14},"end":{"line":94,"column":46}},"54":{"start":{"line":95,"column":0},"end":{"line":95,"column":19}},"55":{"start":{"line":96,"column":0},"end":{"line":96,"column":41}},"56":{"start":{"line":97,"column":0},"end":{"line":97,"column":54}},"57":{"start":{"line":99,"column":17},"end":{"line":99,"column":49}},"58":{"start":{"line":100,"column":0},"end":{"line":108,"column":3}},"59":{"start":{"line":101,"column":25},"end":{"line":101,"column":72}},"60":{"start":{"line":101,"column":48},"end":{"line":101,"column":71}},"61":{"start":{"line":102,"column":2},"end":{"line":105,"column":5}},"62":{"start":{"line":103,"column":22},"end":{"line":103,"column":41}},"63":{"start":{"line":104,"column":4},"end":{"line":104,"column":31}},"64":{"start":{"line":106,"column":2},"end":{"line":106,"column":55}},"65":{"start":{"line":107,"column":2},"end":{"line":107,"column":19}}},"fnMap":{"0":{"name":"renderTodoList","decl":{"start":{"line":6,"column":24},"end":{"line":6,"column":38}},"loc":{"start":{"line":6,"column":41},"end":{"line":109,"column":1}},"line":6},"1":{"name":"(anonymous_1)","decl":{"start":{"line":9,"column":13},"end":{"line":9,"column":14}},"loc":{"start":{"line":9,"column":23},"end":{"line":9,"column":40}},"line":9},"2":{"name":"(anonymous_2)","decl":{"start":{"line":10,"column":16},"end":{"line":10,"column":17}},"loc":{"start":{"line":10,"column":26},"end":{"line":45,"column":3}},"line":10},"3":{"name":"(anonymous_3)","decl":{"start":{"line":29,"column":40},"end":{"line":29,"column":41}},"loc":{"start":{"line":29,"column":46},"end":{"line":44,"column":5}},"line":29},"4":{"name":"(anonymous_4)","decl":{"start":{"line":100,"column":35},"end":{"line":100,"column":36}},"loc":{"start":{"line":100,"column":41},"end":{"line":108,"column":1}},"line":100},"5":{"name":"(anonymous_5)","decl":{"start":{"line":101,"column":38},"end":{"line":101,"column":39}},"loc":{"start":{"line":101,"column":48},"end":{"line":101,"column":71}},"line":101},"6":{"name":"(anonymous_6)","decl":{"start":{"line":102,"column":25},"end":{"line":102,"column":26}},"loc":{"start":{"line":102,"column":35},"end":{"line":105,"column":3}},"line":102}},"branchMap":{"0":{"loc":{"start":{"line":30,"column":6},"end":{"line":42,"column":7}},"type":"if","locations":[{"start":{"line":30,"column":6},"end":{"line":42,"column":7}},{"start":{"line":36,"column":13},"end":{"line":42,"column":7}}],"line":30}},"s":{"0":0,"1":0,"2":0,"3":0,"4":0,"5":0,"6":0,"7":0,"8":0,"9":0,"10":0,"11":0,"12":0,"13":0,"14":0,"15":0,"16":0,"17":0,"18":0,"19":0,"20":0,"21":0,"22":0,"23":0,"24":0,"25":0,"26":0,"27":0,"28":0,"29":0,"30":0,"31":0,"32":0,"33":0,"34":0,"35":0,"36":0,"37":0,"38":0,"39":0,"40":0,"41":0,"42":0,"43":0,"44":0,"45":0,"46":0,"47":0,"48":0,"49":0,"50":0,"51":0,"52":0,"53":0,"54":0,"55":0,"56":0,"57":0,"58":0,"59":0,"60":0,"61":0,"62":0,"63":0,"64":0,"65":0},"f":{"0":0,"1":0,"2":0,"3":0,"4":0,"5":0,"6":0},"b":{"0":[0,0]},"_coverageSchema":"1a1c01bbd47fc00a2c39e90264f33305004495a9","hash":"6486aaba7f0786ac76d8ed9cc629e1dad5161c2e"}
}
