TN:
SF:src\modules\add-remove.js
FN:6,(anonymous_0)
FN:15,addTask
FN:18,(anonymous_2)
FN:32,handleTaskDescriptionEdit
FN:45,updateTaskIndexes
FN:46,(anonymous_5)
FN:51,handleTrashIconClick
FN:64,removeTask
FN:74,editTask
FN:80,listenForEdit
FNF:10
FNH:0
FNDA:0,(anonymous_0)
FNDA:0,addTask
FNDA:0,(anonymous_2)
FNDA:0,handleTaskDescriptionEdit
FNDA:0,updateTaskIndexes
FNDA:0,(anonymous_5)
FNDA:0,handleTrashIconClick
FNDA:0,removeTask
FNDA:0,editTask
FNDA:0,listenForEdit
DA:7,0
DA:8,0
DA:9,0
DA:16,0
DA:17,0
DA:18,0
DA:19,0
DA:20,0
DA:21,0
DA:22,0
DA:24,0
DA:25,0
DA:26,0
DA:27,0
DA:28,0
DA:33,0
DA:34,0
DA:35,0
DA:36,0
DA:37,0
DA:38,0
DA:40,0
DA:46,0
DA:47,0
DA:52,0
DA:53,0
DA:54,0
DA:55,0
DA:56,0
DA:57,0
DA:58,0
DA:59,0
DA:65,0
DA:68,0
DA:71,0
DA:75,0
DA:76,0
DA:77,0
DA:81,0
DA:82,0
LF:40
LH:0
BRDA:21,0,0,0
BRDA:21,0,1,0
BRDA:34,1,0,0
BRDA:34,1,1,0
BRDA:36,2,0,0
BRDA:36,2,1,0
BRDA:52,3,0,0
BRDA:52,3,1,0
BRDA:54,4,0,0
BRDA:54,4,1,0
BRF:10
BRH:0
end_of_record
TN:
SF:src\modules\display.js
FN:6,renderTodoList
FN:9,(anonymous_1)
FN:10,(anonymous_2)
FN:29,(anonymous_3)
FN:100,(anonymous_4)
FN:101,(anonymous_5)
FN:102,(anonymous_6)
FNF:7
FNH:0
FNDA:0,renderTodoList
FNDA:0,(anonymous_1)
FNDA:0,(anonymous_2)
FNDA:0,(anonymous_3)
FNDA:0,(anonymous_4)
FNDA:0,(anonymous_5)
FNDA:0,(anonymous_6)
DA:7,0
DA:8,0
DA:9,0
DA:10,0
DA:11,0
DA:12,0
DA:13,0
DA:25,0
DA:28,0
DA:29,0
DA:30,0
DA:32,0
DA:33,0
DA:34,0
DA:35,0
DA:38,0
DA:39,0
DA:40,0
DA:41,0
DA:43,0
DA:48,0
DA:49,0
DA:50,0
DA:52,0
DA:53,0
DA:54,0
DA:56,0
DA:57,0
DA:58,0
DA:60,0
DA:61,0
DA:62,0
DA:64,0
DA:65,0
DA:66,0
DA:68,0
DA:69,0
DA:70,0
DA:71,0
DA:72,0
DA:73,0
DA:75,0
DA:76,0
DA:77,0
DA:78,0
DA:81,0
DA:82,0
DA:83,0
DA:89,0
DA:90,0
DA:91,0
DA:92,0
DA:94,0
DA:95,0
DA:96,0
DA:97,0
DA:99,0
DA:100,0
DA:101,0
DA:102,0
DA:103,0
DA:104,0
DA:106,0
DA:107,0
LF:64
LH:0
BRDA:30,0,0,0
BRDA:30,0,1,0
BRF:2
BRH:0
end_of_record
